<?xml version="1.0" encoding="UTF-8"?>
<!-- Generated by org.testng.reporters.JUnitReportReporter -->
<testsuite hostname="Saba" failures="0" tests="1" name="login.DWS_Login_10_Test" time="6.564" errors="0" timestamp="2023-09-23T15:18:20 IST" skipped="0">
  <testcase classname="login.DWS_Login_10_Test" name="Login_with_valid_credential" time="6.564"/>
  <system-out/>
</testsuite> <!-- login.DWS_Login_10_Test -->
