<?xml version="1.0" encoding="UTF-8"?>
<!-- Generated by org.testng.reporters.JUnitReportReporter -->
<testsuite hostname="Saba" failures="0" tests="1" name="login.DWS_Register_10_Test" time="7.939" errors="0" timestamp="2023-09-23T15:33:38 IST" skipped="0">
  <testcase classname="login.DWS_Register_10_Test" name="Register_with_valid_credential" time="7.939"/>
  <system-out/>
</testsuite> <!-- login.DWS_Register_10_Test -->
